# JRE version: Java(TM) SE Runtime Environment (7.0_55-b13) (build 1.7.0_55-b13)
# Java VM: Java HotSpot(TM) 64-Bit Server VM (24.55-b03 mixed mode windows-amd64 compressed oops)
Heap
 PSYoungGen      total 280576K, used 236829K [0x00000000eaa80000, 0x00000000feb00000, 0x0000000100000000)
  eden space 237056K, 99% used [0x00000000eaa80000,0x00000000f91c7488,0x00000000f9200000)
  from space 43520K, 0% used [0x00000000fc080000,0x00000000fc080000,0x00000000feb00000)
  to   space 45568K, 0% used [0x00000000f9200000,0x00000000f9200000,0x00000000fbe80000)
 ParOldGen       total 139264K, used 131294K [0x00000000c0000000, 0x00000000c8800000, 0x00000000eaa80000)
  object space 139264K, 94% used [0x00000000c0000000,0x00000000c8037ab0,0x00000000c8800000)
 PSPermGen       total 149504K, used 130674K [0x00000000b0000000, 0x00000000b9200000, 0x00000000c0000000)
  object space 149504K, 87% used [0x00000000b0000000,0x00000000b7f9ca40,0x00000000b9200000)
GC Heap History (10 events):
Event: 2395.479 GC heap after
Heap after GC invocations=43 (full 9):
 PSYoungGen      total 271360K, used 39650K [0x00000000eaa80000, 0x00000000fed00000, 0x0000000100000000)
  eden space 230400K, 0% used [0x00000000eaa80000,0x00000000eaa80000,0x00000000f8b80000)
  from space 40960K, 96% used [0x00000000fb900000,0x00000000fdfb8b00,0x00000000fe100000)
  to   space 46592K, 0% used [0x00000000f8b80000,0x00000000f8b80000,0x00000000fb900000)
 ParOldGen       total 139264K, used 97966K [0x00000000c0000000, 0x00000000c8800000, 0x00000000eaa80000)
  object space 139264K, 70% used [0x00000000c0000000,0x00000000c5fabbb8,0x00000000c8800000)
 PSPermGen       total 131584K, used 116124K [0x00000000b0000000, 0x00000000b8080000, 0x00000000c0000000)
  object space 131584K, 88% used [0x00000000b0000000,0x00000000b7167148,0x00000000b8080000)
}
Event: 2396.191 GC heap before
{Heap before GC invocations=44 (full 9):
 PSYoungGen      total 271360K, used 55480K [0x00000000eaa80000, 0x00000000fed00000, 0x0000000100000000)
  eden space 230400K, 6% used [0x00000000eaa80000,0x00000000eb9f55c8,0x00000000f8b80000)
  from space 40960K, 96% used [0x00000000fb900000,0x00000000fdfb8b00,0x00000000fe100000)
  to   space 46592K, 0% used [0x00000000f8b80000,0x00000000f8b80000,0x00000000fb900000)
 ParOldGen       total 139264K, used 97966K [0x00000000c0000000, 0x00000000c8800000, 0x00000000eaa80000)
  object space 139264K, 70% used [0x00000000c0000000,0x00000000c5fabbb8,0x00000000c8800000)
 PSPermGen       total 131584K, used 116802K [0x00000000b0000000, 0x00000000b8080000, 0x00000000c0000000)
  object space 131584K, 88% used [0x00000000b0000000,0x00000000b7210b28,0x00000000b8080000)
Event: 2396.257 GC heap after
Heap after GC invocations=44 (full 9):
 PSYoungGen      total 276992K, used 30674K [0x00000000eaa80000, 0x00000000fef00000, 0x0000000100000000)
  eden space 230400K, 0% used [0x00000000eaa80000,0x00000000eaa80000,0x00000000f8b80000)
  from space 46592K, 65% used [0x00000000f8b80000,0x00000000fa974af8,0x00000000fb900000)
  to   space 47616K, 0% used [0x00000000fc080000,0x00000000fc080000,0x00000000fef00000)
 ParOldGen       total 139264K, used 97966K [0x00000000c0000000, 0x00000000c8800000, 0x00000000eaa80000)
  object space 139264K, 70% used [0x00000000c0000000,0x00000000c5fabbb8,0x00000000c8800000)
 PSPermGen       total 131584K, used 116802K [0x00000000b0000000, 0x00000000b8080000, 0x00000000c0000000)
  object space 131584K, 88% used [0x00000000b0000000,0x00000000b7210b28,0x00000000b8080000)
}
Event: 2396.257 GC heap before
{Heap before GC invocations=45 (full 10):
 PSYoungGen      total 276992K, used 30674K [0x00000000eaa80000, 0x00000000fef00000, 0x0000000100000000)
  eden space 230400K, 0% used [0x00000000eaa80000,0x00000000eaa80000,0x00000000f8b80000)
  from space 46592K, 65% used [0x00000000f8b80000,0x00000000fa974af8,0x00000000fb900000)
  to   space 47616K, 0% used [0x00000000fc080000,0x00000000fc080000,0x00000000fef00000)
 ParOldGen       total 139264K, used 97966K [0x00000000c0000000, 0x00000000c8800000, 0x00000000eaa80000)
  object space 139264K, 70% used [0x00000000c0000000,0x00000000c5fabbb8,0x00000000c8800000)
 PSPermGen       total 131584K, used 116802K [0x00000000b0000000, 0x00000000b8080000, 0x00000000c0000000)
  object space 131584K, 88% used [0x00000000b0000000,0x00000000b7210b28,0x00000000b8080000)
Event: 2398.121 GC heap after
Heap after GC invocations=45 (full 10):
 PSYoungGen      total 276992K, used 0K [0x00000000eaa80000, 0x00000000fef00000, 0x0000000100000000)
  eden space 230400K, 0% used [0x00000000eaa80000,0x00000000eaa80000,0x00000000f8b80000)
  from space 46592K, 0% used [0x00000000f8b80000,0x00000000f8b80000,0x00000000fb900000)
  to   space 47616K, 0% used [0x00000000fc080000,0x00000000fc080000,0x00000000fef00000)
 ParOldGen       total 139264K, used 114138K [0x00000000c0000000, 0x00000000c8800000, 0x00000000eaa80000)
  object space 139264K, 81% used [0x00000000c0000000,0x00000000c6f76b10,0x00000000c8800000)
 PSPermGen       total 144384K, used 116296K [0x00000000b0000000, 0x00000000b8d00000, 0x00000000c0000000)
  object space 144384K, 80% used [0x00000000b0000000,0x00000000b7192260,0x00000000b8d00000)
}
Event: 2572.148 GC heap before
{Heap before GC invocations=46 (full 10):
 PSYoungGen      total 276992K, used 198092K [0x00000000eaa80000, 0x00000000fef00000, 0x0000000100000000)
  eden space 230400K, 85% used [0x00000000eaa80000,0x00000000f6bf30a8,0x00000000f8b80000)
  from space 46592K, 0% used [0x00000000f8b80000,0x00000000f8b80000,0x00000000fb900000)
  to   space 47616K, 0% used [0x00000000fc080000,0x00000000fc080000,0x00000000fef00000)
 ParOldGen       total 139264K, used 114138K [0x00000000c0000000, 0x00000000c8800000, 0x00000000eaa80000)
  object space 139264K, 81% used [0x00000000c0000000,0x00000000c6f76b10,0x00000000c8800000)
 PSPermGen       total 144384K, used 122946K [0x00000000b0000000, 0x00000000b8d00000, 0x00000000c0000000)
  object space 144384K, 85% used [0x00000000b0000000,0x00000000b7810a70,0x00000000b8d00000)
Event: 2572.182 GC heap after
Heap after GC invocations=46 (full 10):
 PSYoungGen      total 280576K, used 19019K [0x00000000eaa80000, 0x00000000feb00000, 0x0000000100000000)
  eden space 237056K, 0% used [0x00000000eaa80000,0x00000000eaa80000,0x00000000f9200000)
  from space 43520K, 43% used [0x00000000fc080000,0x00000000fd312e40,0x00000000feb00000)
  to   space 45568K, 0% used [0x00000000f9200000,0x00000000f9200000,0x00000000fbe80000)
 ParOldGen       total 139264K, used 114138K [0x00000000c0000000, 0x00000000c8800000, 0x00000000eaa80000)
  object space 139264K, 81% used [0x00000000c0000000,0x00000000c6f76b10,0x00000000c8800000)
 PSPermGen       total 144384K, used 122946K [0x00000000b0000000, 0x00000000b8d00000, 0x00000000c0000000)
  object space 144384K, 85% used [0x00000000b0000000,0x00000000b7810a70,0x00000000b8d00000)
}
Event: 2572.182 GC heap before
{Heap before GC invocations=47 (full 11):
 PSYoungGen      total 280576K, used 19019K [0x00000000eaa80000, 0x00000000feb00000, 0x0000000100000000)
  eden space 237056K, 0% used [0x00000000eaa80000,0x00000000eaa80000,0x00000000f9200000)
  from space 43520K, 43% used [0x00000000fc080000,0x00000000fd312e40,0x00000000feb00000)
  to   space 45568K, 0% used [0x00000000f9200000,0x00000000f9200000,0x00000000fbe80000)
 ParOldGen       total 139264K, used 114138K [0x00000000c0000000, 0x00000000c8800000, 0x00000000eaa80000)
  object space 139264K, 81% used [0x00000000c0000000,0x00000000c6f76b10,0x00000000c8800000)
 PSPermGen       total 144384K, used 122946K [0x00000000b0000000, 0x00000000b8d00000, 0x00000000c0000000)
  object space 144384K, 85% used [0x00000000b0000000,0x00000000b7810a70,0x00000000b8d00000)
Event: 2573.176 GC heap after
Heap after GC invocations=47 (full 11):
 PSYoungGen      total 280576K, used 0K [0x00000000eaa80000, 0x00000000feb00000, 0x0000000100000000)
  eden space 237056K, 0% used [0x00000000eaa80000,0x00000000eaa80000,0x00000000f9200000)
  from space 43520K, 0% used [0x00000000fc080000,0x00000000fc080000,0x00000000feb00000)
  to   space 45568K, 0% used [0x00000000f9200000,0x00000000f9200000,0x00000000fbe80000)
 ParOldGen       total 139264K, used 131294K [0x00000000c0000000, 0x00000000c8800000, 0x00000000eaa80000)
  object space 139264K, 94% used [0x00000000c0000000,0x00000000c8037ab0,0x00000000c8800000)
 PSPermGen       total 149504K, used 122907K [0x00000000b0000000, 0x00000000b9200000, 0x00000000c0000000)
  object space 149504K, 82% used [0x00000000b0000000,0x00000000b7806fc0,0x00000000b9200000)
}
Event: 3798.460 GC heap before
{Heap before GC invocations=48 (full 12):
 PSYoungGen      total 280576K, used 236829K [0x00000000eaa80000, 0x00000000feb00000, 0x0000000100000000)
  eden space 237056K, 99% used [0x00000000eaa80000,0x00000000f91c7488,0x00000000f9200000)
  from space 43520K, 0% used [0x00000000fc080000,0x00000000fc080000,0x00000000feb00000)
  to   space 45568K, 0% used [0x00000000f9200000,0x00000000f9200000,0x00000000fbe80000)
 ParOldGen       total 139264K, used 131294K [0x00000000c0000000, 0x00000000c8800000, 0x00000000eaa80000)
  object space 139264K, 94% used [0x00000000c0000000,0x00000000c8037ab0,0x00000000c8800000)
 PSPermGen       total 149504K, used 130674K [0x00000000b0000000, 0x00000000b9200000, 0x00000000c0000000)
  object space 149504K, 87% used [0x00000000b0000000,0x00000000b7f9ca40,0x00000000b9200000)

